2025-08-15 21:46:52,339 [Worker-1: Loading available Gradle versions] INFO  o.e.b.c.i.u.g.PublishedGradleVersions - Gradle version information cache is up-to-date. Trying to read.
2025-08-15 21:51:24,424 [Worker-14: Importing Maven projects] INFO  o.e.m.c.i.l.LifecycleMappingFactory - Using org.eclipse.m2e.jdt.JarLifecycleMapping lifecycle mapping for MavenProject: com.example:ProjectCustomerOrderManagement:0.0.1-SNAPSHOT @ C:\Users\HP\ProjectAgritourism\ProjectAgritourism\pom.xml.
2025-08-15 21:51:31,189 [Worker-14: Importing Maven projects] INFO  o.e.m.j.i.AbstractJavaProjectConfigurator - Adding source folder /ProjectAgritourism/src/main/java
2025-08-15 21:51:31,203 [Worker-14: Importing Maven projects] INFO  o.e.m.j.i.AbstractJavaProjectConfigurator - Adding resource folder /ProjectAgritourism/src/main/resources
2025-08-15 21:51:31,214 [Worker-14: Importing Maven projects] INFO  o.e.m.j.i.AbstractJavaProjectConfigurator - Adding resource folder /ProjectAgritourism/src/main/resources
2025-08-15 21:51:31,226 [Worker-14: Importing Maven projects] INFO  o.e.m.j.i.AbstractJavaProjectConfigurator - Adding source folder /ProjectAgritourism/src/test/java
2025-08-15 21:51:31,227 [Worker-14: Importing Maven projects] INFO  o.e.m.j.i.AbstractJavaProjectConfigurator - Adding resource folder /ProjectAgritourism/src/test/resources
2025-08-15 21:51:33,790 [Worker-14: Importing Maven projects] INFO  o.e.m.c.i.p.ProjectConfigurationManager - Imported and configured 1 project(s) in 12 sec
2025-08-15 21:51:34,698 [Worker-34: Updating Maven Project] INFO  o.e.m.c.i.p.ProjectConfigurationManager - Update started
2025-08-15 21:51:36,486 [Worker-34: Updating Maven Project] INFO  o.e.m.c.i.l.LifecycleMappingFactory - Using org.eclipse.m2e.jdt.JarLifecycleMapping lifecycle mapping for MavenProject: com.example:ProjectCustomerOrderManagement:0.0.1-SNAPSHOT @ C:\Users\HP\ProjectAgritourism\ProjectAgritourism\pom.xml.
2025-08-15 21:51:41,427 [Worker-34: Updating Maven Project] INFO  o.e.m.j.i.AbstractJavaProjectConfigurator - Adding source folder /ProjectAgritourism/src/main/java
2025-08-15 21:51:41,447 [Worker-34: Updating Maven Project] INFO  o.e.m.j.i.AbstractJavaProjectConfigurator - Adding resource folder /ProjectAgritourism/src/main/resources
2025-08-15 21:51:41,449 [Worker-34: Updating Maven Project] INFO  o.e.m.j.i.AbstractJavaProjectConfigurator - Adding resource folder /ProjectAgritourism/src/main/resources
2025-08-15 21:51:41,453 [Worker-34: Updating Maven Project] INFO  o.e.m.j.i.AbstractJavaProjectConfigurator - Adding source folder /ProjectAgritourism/src/test/java
2025-08-15 21:51:41,453 [Worker-34: Updating Maven Project] INFO  o.e.m.j.i.AbstractJavaProjectConfigurator - Adding resource folder /ProjectAgritourism/src/test/resources
2025-08-15 21:51:45,177 [Worker-34: Updating Maven Project] INFO  o.e.m.c.i.p.ProjectConfigurationManager - Update completed for 1 poms: local refresh takes 0.00 sec, refresh facades takes 6.00 sec, update config takes 2.00 sec 
2025-08-15 21:51:49,278 [Worker-35: Building] INFO  o.a.m.s.f.DefaultMavenResourcesFiltering - Copying 1 resource from src\main\resources to target\classes
2025-08-15 21:51:49,314 [Worker-35: Building] INFO  o.a.m.s.f.DefaultMavenResourcesFiltering - Copying 0 resource from src\main\resources to target\classes
2025-08-15 21:51:49,325 [Worker-35: Building] INFO  o.a.m.s.f.DefaultMavenResourcesFiltering - skip non existing resourceDirectory C:\Users\HP\ProjectAgritourism\ProjectAgritourism\src\test\resources
2025-08-15 23:03:51,112 [Worker-50: Building] INFO  o.a.m.s.f.DefaultMavenResourcesFiltering - Copying 1 resource from src\main\resources to target\classes
2025-08-15 23:03:51,993 [Worker-50: Building] INFO  o.a.m.s.f.DefaultMavenResourcesFiltering - Copying 0 resource from src\main\resources to target\classes
2025-08-15 23:03:52,185 [Worker-50: Building] INFO  o.a.m.s.f.DefaultMavenResourcesFiltering - skip non existing resourceDirectory C:\Users\HP\ProjectAgritourism\ProjectAgritourism\src\test\resources
2025-08-15 23:04:37,362 [Worker-51: Launching Executing clean in C__Users_HP_ProjectAgritourism_ProjectAgritourism] INFO  o.eclipse.m2e.core.internal.Bundles - getClasspathEntries(Bundle=org.eclipse.m2e.maven.runtime_3.9.500.20231113-2345 [628])
2025-08-15 23:04:37,385 [Worker-51: Launching Executing clean in C__Users_HP_ProjectAgritourism_ProjectAgritourism] INFO  o.eclipse.m2e.core.internal.Bundles - 	Entry: C:\Users\HP\.p2\pool\plugins\org.eclipse.m2e.maven.runtime_3.9.500.20231113-2345
2025-08-15 23:04:37,387 [Worker-51: Launching Executing clean in C__Users_HP_ProjectAgritourism_ProjectAgritourism] INFO  o.eclipse.m2e.core.internal.Bundles - 	Entry: C:\Users\HP\.p2\pool\plugins\org.eclipse.m2e.maven.runtime_3.9.500.20231113-2345\jars\aopalliance-1.0.jar
2025-08-15 23:04:37,387 [Worker-51: Launching Executing clean in C__Users_HP_ProjectAgritourism_ProjectAgritourism] INFO  o.eclipse.m2e.core.internal.Bundles - 	Entry: C:\Users\HP\.p2\pool\plugins\org.eclipse.m2e.maven.runtime_3.9.500.20231113-2345\jars\guice-5.1.0.jar
2025-08-15 23:04:37,388 [Worker-51: Launching Executing clean in C__Users_HP_ProjectAgritourism_ProjectAgritourism] INFO  o.eclipse.m2e.core.internal.Bundles - 	Entry: C:\Users\HP\.p2\pool\plugins\org.eclipse.m2e.maven.runtime_3.9.500.20231113-2345\jars\httpclient-4.5.14.jar
2025-08-15 23:04:37,388 [Worker-51: Launching Executing clean in C__Users_HP_ProjectAgritourism_ProjectAgritourism] INFO  o.eclipse.m2e.core.internal.Bundles - 	Entry: C:\Users\HP\.p2\pool\plugins\org.eclipse.m2e.maven.runtime_3.9.500.20231113-2345\jars\httpcore-4.4.16.jar
2025-08-15 23:04:37,388 [Worker-51: Launching Executing clean in C__Users_HP_ProjectAgritourism_ProjectAgritourism] INFO  o.eclipse.m2e.core.internal.Bundles - 	Entry: C:\Users\HP\.p2\pool\plugins\org.eclipse.m2e.maven.runtime_3.9.500.20231113-2345\jars\jansi-2.4.0.jar
2025-08-15 23:04:37,388 [Worker-51: Launching Executing clean in C__Users_HP_ProjectAgritourism_ProjectAgritourism] INFO  o.eclipse.m2e.core.internal.Bundles - 	Entry: C:\Users\HP\.p2\pool\plugins\org.eclipse.m2e.maven.runtime_3.9.500.20231113-2345\jars\jcl-over-slf4j-1.7.36.jar
2025-08-15 23:04:37,388 [Worker-51: Launching Executing clean in C__Users_HP_ProjectAgritourism_ProjectAgritourism] INFO  o.eclipse.m2e.core.internal.Bundles - 	Entry: C:\Users\HP\.p2\pool\plugins\org.eclipse.m2e.maven.runtime_3.9.500.20231113-2345\jars\maven-artifact-3.9.5.jar
2025-08-15 23:04:37,389 [Worker-51: Launching Executing clean in C__Users_HP_ProjectAgritourism_ProjectAgritourism] INFO  o.eclipse.m2e.core.internal.Bundles - 	Entry: C:\Users\HP\.p2\pool\plugins\org.eclipse.m2e.maven.runtime_3.9.500.20231113-2345\jars\maven-builder-support-3.9.5.jar
2025-08-15 23:04:37,389 [Worker-51: Launching Executing clean in C__Users_HP_ProjectAgritourism_ProjectAgritourism] INFO  o.eclipse.m2e.core.internal.Bundles - 	Entry: C:\Users\HP\.p2\pool\plugins\org.eclipse.m2e.maven.runtime_3.9.500.20231113-2345\jars\maven-compat-3.9.5.jar
2025-08-15 23:04:37,389 [Worker-51: Launching Executing clean in C__Users_HP_ProjectAgritourism_ProjectAgritourism] INFO  o.eclipse.m2e.core.internal.Bundles - 	Entry: C:\Users\HP\.p2\pool\plugins\org.eclipse.m2e.maven.runtime_3.9.500.20231113-2345\jars\maven-core-3.9.5.jar
2025-08-15 23:04:37,389 [Worker-51: Launching Executing clean in C__Users_HP_ProjectAgritourism_ProjectAgritourism] INFO  o.eclipse.m2e.core.internal.Bundles - 	Entry: C:\Users\HP\.p2\pool\plugins\org.eclipse.m2e.maven.runtime_3.9.500.20231113-2345\jars\maven-embedder-3.9.5.jar
2025-08-15 23:04:37,390 [Worker-51: Launching Executing clean in C__Users_HP_ProjectAgritourism_ProjectAgritourism] INFO  o.eclipse.m2e.core.internal.Bundles - 	Entry: C:\Users\HP\.p2\pool\plugins\org.eclipse.m2e.maven.runtime_3.9.500.20231113-2345\jars\maven-model-3.9.5.jar
2025-08-15 23:04:37,390 [Worker-51: Launching Executing clean in C__Users_HP_ProjectAgritourism_ProjectAgritourism] INFO  o.eclipse.m2e.core.internal.Bundles - 	Entry: C:\Users\HP\.p2\pool\plugins\org.eclipse.m2e.maven.runtime_3.9.500.20231113-2345\jars\maven-model-builder-3.9.5.jar
2025-08-15 23:04:37,390 [Worker-51: Launching Executing clean in C__Users_HP_ProjectAgritourism_ProjectAgritourism] INFO  o.eclipse.m2e.core.internal.Bundles - 	Entry: C:\Users\HP\.p2\pool\plugins\org.eclipse.m2e.maven.runtime_3.9.500.20231113-2345\jars\maven-plugin-api-3.9.5.jar
2025-08-15 23:04:37,393 [Worker-51: Launching Executing clean in C__Users_HP_ProjectAgritourism_ProjectAgritourism] INFO  o.eclipse.m2e.core.internal.Bundles - 	Entry: C:\Users\HP\.p2\pool\plugins\org.eclipse.m2e.maven.runtime_3.9.500.20231113-2345\jars\maven-repository-metadata-3.9.5.jar
2025-08-15 23:04:37,394 [Worker-51: Launching Executing clean in C__Users_HP_ProjectAgritourism_ProjectAgritourism] INFO  o.eclipse.m2e.core.internal.Bundles - 	Entry: C:\Users\HP\.p2\pool\plugins\org.eclipse.m2e.maven.runtime_3.9.500.20231113-2345\jars\maven-resolver-api-1.9.16.jar
2025-08-15 23:04:37,394 [Worker-51: Launching Executing clean in C__Users_HP_ProjectAgritourism_ProjectAgritourism] INFO  o.eclipse.m2e.core.internal.Bundles - 	Entry: C:\Users\HP\.p2\pool\plugins\org.eclipse.m2e.maven.runtime_3.9.500.20231113-2345\jars\maven-resolver-connector-basic-1.9.16.jar
2025-08-15 23:04:37,394 [Worker-51: Launching Executing clean in C__Users_HP_ProjectAgritourism_ProjectAgritourism] INFO  o.eclipse.m2e.core.internal.Bundles - 	Entry: C:\Users\HP\.p2\pool\plugins\org.eclipse.m2e.maven.runtime_3.9.500.20231113-2345\jars\maven-resolver-impl-1.9.16.jar
2025-08-15 23:04:37,395 [Worker-51: Launching Executing clean in C__Users_HP_ProjectAgritourism_ProjectAgritourism] INFO  o.eclipse.m2e.core.internal.Bundles - 	Entry: C:\Users\HP\.p2\pool\plugins\org.eclipse.m2e.maven.runtime_3.9.500.20231113-2345\jars\maven-resolver-named-locks-1.9.16.jar
2025-08-15 23:04:37,395 [Worker-51: Launching Executing clean in C__Users_HP_ProjectAgritourism_ProjectAgritourism] INFO  o.eclipse.m2e.core.internal.Bundles - 	Entry: C:\Users\HP\.p2\pool\plugins\org.eclipse.m2e.maven.runtime_3.9.500.20231113-2345\jars\maven-resolver-provider-3.9.5.jar
2025-08-15 23:04:37,395 [Worker-51: Launching Executing clean in C__Users_HP_ProjectAgritourism_ProjectAgritourism] INFO  o.eclipse.m2e.core.internal.Bundles - 	Entry: C:\Users\HP\.p2\pool\plugins\org.eclipse.m2e.maven.runtime_3.9.500.20231113-2345\jars\maven-resolver-spi-1.9.16.jar
2025-08-15 23:04:37,395 [Worker-51: Launching Executing clean in C__Users_HP_ProjectAgritourism_ProjectAgritourism] INFO  o.eclipse.m2e.core.internal.Bundles - 	Entry: C:\Users\HP\.p2\pool\plugins\org.eclipse.m2e.maven.runtime_3.9.500.20231113-2345\jars\maven-resolver-transport-file-1.9.16.jar
2025-08-15 23:04:37,396 [Worker-51: Launching Executing clean in C__Users_HP_ProjectAgritourism_ProjectAgritourism] INFO  o.eclipse.m2e.core.internal.Bundles - 	Entry: C:\Users\HP\.p2\pool\plugins\org.eclipse.m2e.maven.runtime_3.9.500.20231113-2345\jars\maven-resolver-transport-http-1.9.16.jar
2025-08-15 23:04:37,396 [Worker-51: Launching Executing clean in C__Users_HP_ProjectAgritourism_ProjectAgritourism] INFO  o.eclipse.m2e.core.internal.Bundles - 	Entry: C:\Users\HP\.p2\pool\plugins\org.eclipse.m2e.maven.runtime_3.9.500.20231113-2345\jars\maven-resolver-transport-wagon-1.9.16.jar
2025-08-15 23:04:37,397 [Worker-51: Launching Executing clean in C__Users_HP_ProjectAgritourism_ProjectAgritourism] INFO  o.eclipse.m2e.core.internal.Bundles - 	Entry: C:\Users\HP\.p2\pool\plugins\org.eclipse.m2e.maven.runtime_3.9.500.20231113-2345\jars\maven-resolver-util-1.9.16.jar
2025-08-15 23:04:37,397 [Worker-51: Launching Executing clean in C__Users_HP_ProjectAgritourism_ProjectAgritourism] INFO  o.eclipse.m2e.core.internal.Bundles - 	Entry: C:\Users\HP\.p2\pool\plugins\org.eclipse.m2e.maven.runtime_3.9.500.20231113-2345\jars\maven-settings-3.9.5.jar
2025-08-15 23:04:37,398 [Worker-51: Launching Executing clean in C__Users_HP_ProjectAgritourism_ProjectAgritourism] INFO  o.eclipse.m2e.core.internal.Bundles - 	Entry: C:\Users\HP\.p2\pool\plugins\org.eclipse.m2e.maven.runtime_3.9.500.20231113-2345\jars\maven-settings-builder-3.9.5.jar
2025-08-15 23:04:37,399 [Worker-51: Launching Executing clean in C__Users_HP_ProjectAgritourism_ProjectAgritourism] INFO  o.eclipse.m2e.core.internal.Bundles - 	Entry: C:\Users\HP\.p2\pool\plugins\org.eclipse.m2e.maven.runtime_3.9.500.20231113-2345\jars\maven-shared-utils-3.3.4.jar
2025-08-15 23:04:37,399 [Worker-51: Launching Executing clean in C__Users_HP_ProjectAgritourism_ProjectAgritourism] INFO  o.eclipse.m2e.core.internal.Bundles - 	Entry: C:\Users\HP\.p2\pool\plugins\org.eclipse.m2e.maven.runtime_3.9.500.20231113-2345\jars\org.eclipse.sisu.inject-0.3.5.jar
2025-08-15 23:04:37,400 [Worker-51: Launching Executing clean in C__Users_HP_ProjectAgritourism_ProjectAgritourism] INFO  o.eclipse.m2e.core.internal.Bundles - 	Entry: C:\Users\HP\.p2\pool\plugins\org.eclipse.m2e.maven.runtime_3.9.500.20231113-2345\jars\org.eclipse.sisu.plexus-0.3.5.jar
2025-08-15 23:04:37,401 [Worker-51: Launching Executing clean in C__Users_HP_ProjectAgritourism_ProjectAgritourism] INFO  o.eclipse.m2e.core.internal.Bundles - 	Entry: C:\Users\HP\.p2\pool\plugins\org.eclipse.m2e.maven.runtime_3.9.500.20231113-2345\jars\plexus-build-api-0.0.7.jar
2025-08-15 23:04:37,403 [Worker-51: Launching Executing clean in C__Users_HP_ProjectAgritourism_ProjectAgritourism] INFO  o.eclipse.m2e.core.internal.Bundles - 	Entry: C:\Users\HP\.p2\pool\plugins\org.eclipse.m2e.maven.runtime_3.9.500.20231113-2345\jars\plexus-cipher-2.0.jar
2025-08-15 23:04:37,404 [Worker-51: Launching Executing clean in C__Users_HP_ProjectAgritourism_ProjectAgritourism] INFO  o.eclipse.m2e.core.internal.Bundles - 	Entry: C:\Users\HP\.p2\pool\plugins\org.eclipse.m2e.maven.runtime_3.9.500.20231113-2345\jars\plexus-classworlds-2.7.0.jar
2025-08-15 23:04:37,406 [Worker-51: Launching Executing clean in C__Users_HP_ProjectAgritourism_ProjectAgritourism] INFO  o.eclipse.m2e.core.internal.Bundles - 	Entry: C:\Users\HP\.p2\pool\plugins\org.eclipse.m2e.maven.runtime_3.9.500.20231113-2345\jars\plexus-component-annotations-2.1.0.jar
2025-08-15 23:04:37,408 [Worker-51: Launching Executing clean in C__Users_HP_ProjectAgritourism_ProjectAgritourism] INFO  o.eclipse.m2e.core.internal.Bundles - 	Entry: C:\Users\HP\.p2\pool\plugins\org.eclipse.m2e.maven.runtime_3.9.500.20231113-2345\jars\plexus-interpolation-1.26.jar
2025-08-15 23:04:37,410 [Worker-51: Launching Executing clean in C__Users_HP_ProjectAgritourism_ProjectAgritourism] INFO  o.eclipse.m2e.core.internal.Bundles - 	Entry: C:\Users\HP\.p2\pool\plugins\org.eclipse.m2e.maven.runtime_3.9.500.20231113-2345\jars\plexus-sec-dispatcher-2.0.jar
2025-08-15 23:04:37,411 [Worker-51: Launching Executing clean in C__Users_HP_ProjectAgritourism_ProjectAgritourism] INFO  o.eclipse.m2e.core.internal.Bundles - 	Entry: C:\Users\HP\.p2\pool\plugins\org.eclipse.m2e.maven.runtime_3.9.500.20231113-2345\jars\plexus-utils-3.5.1.jar
2025-08-15 23:04:37,412 [Worker-51: Launching Executing clean in C__Users_HP_ProjectAgritourism_ProjectAgritourism] INFO  o.eclipse.m2e.core.internal.Bundles - 	Entry: C:\Users\HP\.p2\pool\plugins\org.eclipse.m2e.maven.runtime_3.9.500.20231113-2345\jars\wagon-file-3.5.3.jar
2025-08-15 23:04:37,412 [Worker-51: Launching Executing clean in C__Users_HP_ProjectAgritourism_ProjectAgritourism] INFO  o.eclipse.m2e.core.internal.Bundles - 	Entry: C:\Users\HP\.p2\pool\plugins\org.eclipse.m2e.maven.runtime_3.9.500.20231113-2345\jars\wagon-http-3.5.3.jar
2025-08-15 23:04:37,413 [Worker-51: Launching Executing clean in C__Users_HP_ProjectAgritourism_ProjectAgritourism] INFO  o.eclipse.m2e.core.internal.Bundles - 	Entry: C:\Users\HP\.p2\pool\plugins\org.eclipse.m2e.maven.runtime_3.9.500.20231113-2345\jars\wagon-http-shared-3.5.3.jar
2025-08-15 23:04:37,413 [Worker-51: Launching Executing clean in C__Users_HP_ProjectAgritourism_ProjectAgritourism] INFO  o.eclipse.m2e.core.internal.Bundles - 	Entry: C:\Users\HP\.p2\pool\plugins\org.eclipse.m2e.maven.runtime_3.9.500.20231113-2345\jars\wagon-provider-api-3.5.3.jar
2025-08-15 23:04:37,417 [Worker-51: Launching Executing clean in C__Users_HP_ProjectAgritourism_ProjectAgritourism] INFO  o.eclipse.m2e.core.internal.Bundles - getClasspathEntries(Bundle=com.google.guava_32.1.3.jre [12])
2025-08-15 23:04:37,419 [Worker-51: Launching Executing clean in C__Users_HP_ProjectAgritourism_ProjectAgritourism] INFO  o.eclipse.m2e.core.internal.Bundles - 	Entry: C:\Users\HP\.p2\pool\plugins\com.google.guava_32.1.3.jre.jar
2025-08-15 23:04:37,419 [Worker-51: Launching Executing clean in C__Users_HP_ProjectAgritourism_ProjectAgritourism] INFO  o.eclipse.m2e.core.internal.Bundles - getClasspathEntries(Bundle=slf4j.api_2.0.13 [987])
2025-08-15 23:04:37,420 [Worker-51: Launching Executing clean in C__Users_HP_ProjectAgritourism_ProjectAgritourism] INFO  o.eclipse.m2e.core.internal.Bundles - 	Entry: C:\Users\HP\.p2\pool\plugins\slf4j.api_2.0.13.jar
2025-08-15 23:04:37,421 [Worker-51: Launching Executing clean in C__Users_HP_ProjectAgritourism_ProjectAgritourism] INFO  o.eclipse.m2e.core.internal.Bundles - getClasspathEntries(Bundle=jakarta.inject.jakarta.inject-api_1.0.5 [29])
2025-08-15 23:04:37,422 [Worker-51: Launching Executing clean in C__Users_HP_ProjectAgritourism_ProjectAgritourism] INFO  o.eclipse.m2e.core.internal.Bundles - 	Entry: C:\Users\HP\.p2\pool\plugins\jakarta.inject.jakarta.inject-api_1.0.5.jar
2025-08-15 23:04:37,423 [Worker-51: Launching Executing clean in C__Users_HP_ProjectAgritourism_ProjectAgritourism] INFO  o.eclipse.m2e.core.internal.Bundles - getClasspathEntries(Bundle=jakarta.annotation-api_1.3.5 [24])
2025-08-15 23:04:37,425 [Worker-51: Launching Executing clean in C__Users_HP_ProjectAgritourism_ProjectAgritourism] INFO  o.eclipse.m2e.core.internal.Bundles - 	Entry: C:\Users\HP\.p2\pool\plugins\jakarta.annotation-api_1.3.5.jar
2025-08-15 23:04:37,425 [Worker-51: Launching Executing clean in C__Users_HP_ProjectAgritourism_ProjectAgritourism] INFO  o.eclipse.m2e.core.internal.Bundles - getClasspathEntries(Bundle=org.apache.commons.cli_1.6.0 [71])
2025-08-15 23:04:37,428 [Worker-51: Launching Executing clean in C__Users_HP_ProjectAgritourism_ProjectAgritourism] INFO  o.eclipse.m2e.core.internal.Bundles - 	Entry: C:\Users\HP\.p2\pool\plugins\org.apache.commons.cli_1.6.0.jar
2025-08-15 23:04:37,429 [Worker-51: Launching Executing clean in C__Users_HP_ProjectAgritourism_ProjectAgritourism] INFO  o.eclipse.m2e.core.internal.Bundles - getClasspathEntries(Bundle=org.apache.commons.commons-codec_1.16.0 [75])
2025-08-15 23:04:37,430 [Worker-51: Launching Executing clean in C__Users_HP_ProjectAgritourism_ProjectAgritourism] INFO  o.eclipse.m2e.core.internal.Bundles - 	Entry: C:\Users\HP\.p2\pool\plugins\org.apache.commons.commons-codec_1.16.0.jar
2025-08-15 23:04:37,431 [Worker-51: Launching Executing clean in C__Users_HP_ProjectAgritourism_ProjectAgritourism] INFO  o.eclipse.m2e.core.internal.Bundles - getClasspathEntries(Bundle=org.apache.commons.lang3_3.14.0 [993])
2025-08-15 23:04:37,436 [Worker-51: Launching Executing clean in C__Users_HP_ProjectAgritourism_ProjectAgritourism] INFO  o.eclipse.m2e.core.internal.Bundles - 	Entry: C:\Users\HP\.p2\pool\plugins\org.apache.commons.lang3_3.14.0.jar
2025-08-15 23:04:37,436 [Worker-51: Launching Executing clean in C__Users_HP_ProjectAgritourism_ProjectAgritourism] INFO  o.eclipse.m2e.core.internal.Bundles - getClasspathEntries(Bundle=com.google.guava.failureaccess_1.0.2 [13])
2025-08-15 23:04:37,437 [Worker-51: Launching Executing clean in C__Users_HP_ProjectAgritourism_ProjectAgritourism] INFO  o.eclipse.m2e.core.internal.Bundles - 	Entry: C:\Users\HP\.p2\pool\plugins\com.google.guava.failureaccess_1.0.2.jar
2025-08-15 23:04:37,443 [Worker-51: Launching Executing clean in C__Users_HP_ProjectAgritourism_ProjectAgritourism] INFO  o.e.m.i.launch.MavenLaunchDelegate - Run build in "C:\Users\HP\ProjectAgritourism\ProjectAgritourism":
2025-08-15 23:04:37,451 [Worker-51: Launching Executing clean in C__Users_HP_ProjectAgritourism_ProjectAgritourism] INFO  o.e.m.i.launch.MavenLaunchDelegate -  mvn  -B -Dstyle.color=always clean
2025-08-15 23:04:57,316 [main] INFO  o.e.m2e.actions.ExecutePomAction - Creating new launch configuration
2025-08-15 23:05:09,759 [Worker-48: Launching ProjectAgritourism] INFO  o.eclipse.m2e.core.internal.Bundles - getClasspathEntries(Bundle=org.eclipse.m2e.maven.runtime_3.9.500.20231113-2345 [628])
2025-08-15 23:05:09,762 [Worker-48: Launching ProjectAgritourism] INFO  o.eclipse.m2e.core.internal.Bundles - 	Entry: C:\Users\HP\.p2\pool\plugins\org.eclipse.m2e.maven.runtime_3.9.500.20231113-2345
2025-08-15 23:05:09,764 [Worker-48: Launching ProjectAgritourism] INFO  o.eclipse.m2e.core.internal.Bundles - 	Entry: C:\Users\HP\.p2\pool\plugins\org.eclipse.m2e.maven.runtime_3.9.500.20231113-2345\jars\aopalliance-1.0.jar
2025-08-15 23:05:09,765 [Worker-48: Launching ProjectAgritourism] INFO  o.eclipse.m2e.core.internal.Bundles - 	Entry: C:\Users\HP\.p2\pool\plugins\org.eclipse.m2e.maven.runtime_3.9.500.20231113-2345\jars\guice-5.1.0.jar
2025-08-15 23:05:09,766 [Worker-48: Launching ProjectAgritourism] INFO  o.eclipse.m2e.core.internal.Bundles - 	Entry: C:\Users\HP\.p2\pool\plugins\org.eclipse.m2e.maven.runtime_3.9.500.20231113-2345\jars\httpclient-4.5.14.jar
2025-08-15 23:05:09,767 [Worker-48: Launching ProjectAgritourism] INFO  o.eclipse.m2e.core.internal.Bundles - 	Entry: C:\Users\HP\.p2\pool\plugins\org.eclipse.m2e.maven.runtime_3.9.500.20231113-2345\jars\httpcore-4.4.16.jar
2025-08-15 23:05:09,768 [Worker-48: Launching ProjectAgritourism] INFO  o.eclipse.m2e.core.internal.Bundles - 	Entry: C:\Users\HP\.p2\pool\plugins\org.eclipse.m2e.maven.runtime_3.9.500.20231113-2345\jars\jansi-2.4.0.jar
2025-08-15 23:05:09,769 [Worker-48: Launching ProjectAgritourism] INFO  o.eclipse.m2e.core.internal.Bundles - 	Entry: C:\Users\HP\.p2\pool\plugins\org.eclipse.m2e.maven.runtime_3.9.500.20231113-2345\jars\jcl-over-slf4j-1.7.36.jar
2025-08-15 23:05:09,770 [Worker-48: Launching ProjectAgritourism] INFO  o.eclipse.m2e.core.internal.Bundles - 	Entry: C:\Users\HP\.p2\pool\plugins\org.eclipse.m2e.maven.runtime_3.9.500.20231113-2345\jars\maven-artifact-3.9.5.jar
2025-08-15 23:05:09,771 [Worker-48: Launching ProjectAgritourism] INFO  o.eclipse.m2e.core.internal.Bundles - 	Entry: C:\Users\HP\.p2\pool\plugins\org.eclipse.m2e.maven.runtime_3.9.500.20231113-2345\jars\maven-builder-support-3.9.5.jar
2025-08-15 23:05:09,772 [Worker-48: Launching ProjectAgritourism] INFO  o.eclipse.m2e.core.internal.Bundles - 	Entry: C:\Users\HP\.p2\pool\plugins\org.eclipse.m2e.maven.runtime_3.9.500.20231113-2345\jars\maven-compat-3.9.5.jar
2025-08-15 23:05:09,772 [Worker-48: Launching ProjectAgritourism] INFO  o.eclipse.m2e.core.internal.Bundles - 	Entry: C:\Users\HP\.p2\pool\plugins\org.eclipse.m2e.maven.runtime_3.9.500.20231113-2345\jars\maven-core-3.9.5.jar
2025-08-15 23:05:09,772 [Worker-48: Launching ProjectAgritourism] INFO  o.eclipse.m2e.core.internal.Bundles - 	Entry: C:\Users\HP\.p2\pool\plugins\org.eclipse.m2e.maven.runtime_3.9.500.20231113-2345\jars\maven-embedder-3.9.5.jar
2025-08-15 23:05:09,773 [Worker-48: Launching ProjectAgritourism] INFO  o.eclipse.m2e.core.internal.Bundles - 	Entry: C:\Users\HP\.p2\pool\plugins\org.eclipse.m2e.maven.runtime_3.9.500.20231113-2345\jars\maven-model-3.9.5.jar
2025-08-15 23:05:09,773 [Worker-48: Launching ProjectAgritourism] INFO  o.eclipse.m2e.core.internal.Bundles - 	Entry: C:\Users\HP\.p2\pool\plugins\org.eclipse.m2e.maven.runtime_3.9.500.20231113-2345\jars\maven-model-builder-3.9.5.jar
2025-08-15 23:05:09,773 [Worker-48: Launching ProjectAgritourism] INFO  o.eclipse.m2e.core.internal.Bundles - 	Entry: C:\Users\HP\.p2\pool\plugins\org.eclipse.m2e.maven.runtime_3.9.500.20231113-2345\jars\maven-plugin-api-3.9.5.jar
2025-08-15 23:05:09,773 [Worker-48: Launching ProjectAgritourism] INFO  o.eclipse.m2e.core.internal.Bundles - 	Entry: C:\Users\HP\.p2\pool\plugins\org.eclipse.m2e.maven.runtime_3.9.500.20231113-2345\jars\maven-repository-metadata-3.9.5.jar
2025-08-15 23:05:09,773 [Worker-48: Launching ProjectAgritourism] INFO  o.eclipse.m2e.core.internal.Bundles - 	Entry: C:\Users\HP\.p2\pool\plugins\org.eclipse.m2e.maven.runtime_3.9.500.20231113-2345\jars\maven-resolver-api-1.9.16.jar
2025-08-15 23:05:09,774 [Worker-48: Launching ProjectAgritourism] INFO  o.eclipse.m2e.core.internal.Bundles - 	Entry: C:\Users\HP\.p2\pool\plugins\org.eclipse.m2e.maven.runtime_3.9.500.20231113-2345\jars\maven-resolver-connector-basic-1.9.16.jar
2025-08-15 23:05:09,774 [Worker-48: Launching ProjectAgritourism] INFO  o.eclipse.m2e.core.internal.Bundles - 	Entry: C:\Users\HP\.p2\pool\plugins\org.eclipse.m2e.maven.runtime_3.9.500.20231113-2345\jars\maven-resolver-impl-1.9.16.jar
2025-08-15 23:05:09,775 [Worker-48: Launching ProjectAgritourism] INFO  o.eclipse.m2e.core.internal.Bundles - 	Entry: C:\Users\HP\.p2\pool\plugins\org.eclipse.m2e.maven.runtime_3.9.500.20231113-2345\jars\maven-resolver-named-locks-1.9.16.jar
2025-08-15 23:05:09,775 [Worker-48: Launching ProjectAgritourism] INFO  o.eclipse.m2e.core.internal.Bundles - 	Entry: C:\Users\HP\.p2\pool\plugins\org.eclipse.m2e.maven.runtime_3.9.500.20231113-2345\jars\maven-resolver-provider-3.9.5.jar
2025-08-15 23:05:09,775 [Worker-48: Launching ProjectAgritourism] INFO  o.eclipse.m2e.core.internal.Bundles - 	Entry: C:\Users\HP\.p2\pool\plugins\org.eclipse.m2e.maven.runtime_3.9.500.20231113-2345\jars\maven-resolver-spi-1.9.16.jar
2025-08-15 23:05:09,777 [Worker-48: Launching ProjectAgritourism] INFO  o.eclipse.m2e.core.internal.Bundles - 	Entry: C:\Users\HP\.p2\pool\plugins\org.eclipse.m2e.maven.runtime_3.9.500.20231113-2345\jars\maven-resolver-transport-file-1.9.16.jar
2025-08-15 23:05:09,777 [Worker-48: Launching ProjectAgritourism] INFO  o.eclipse.m2e.core.internal.Bundles - 	Entry: C:\Users\HP\.p2\pool\plugins\org.eclipse.m2e.maven.runtime_3.9.500.20231113-2345\jars\maven-resolver-transport-http-1.9.16.jar
2025-08-15 23:05:09,777 [Worker-48: Launching ProjectAgritourism] INFO  o.eclipse.m2e.core.internal.Bundles - 	Entry: C:\Users\HP\.p2\pool\plugins\org.eclipse.m2e.maven.runtime_3.9.500.20231113-2345\jars\maven-resolver-transport-wagon-1.9.16.jar
2025-08-15 23:05:09,777 [Worker-48: Launching ProjectAgritourism] INFO  o.eclipse.m2e.core.internal.Bundles - 	Entry: C:\Users\HP\.p2\pool\plugins\org.eclipse.m2e.maven.runtime_3.9.500.20231113-2345\jars\maven-resolver-util-1.9.16.jar
2025-08-15 23:05:09,777 [Worker-48: Launching ProjectAgritourism] INFO  o.eclipse.m2e.core.internal.Bundles - 	Entry: C:\Users\HP\.p2\pool\plugins\org.eclipse.m2e.maven.runtime_3.9.500.20231113-2345\jars\maven-settings-3.9.5.jar
2025-08-15 23:05:09,778 [Worker-48: Launching ProjectAgritourism] INFO  o.eclipse.m2e.core.internal.Bundles - 	Entry: C:\Users\HP\.p2\pool\plugins\org.eclipse.m2e.maven.runtime_3.9.500.20231113-2345\jars\maven-settings-builder-3.9.5.jar
2025-08-15 23:05:09,778 [Worker-48: Launching ProjectAgritourism] INFO  o.eclipse.m2e.core.internal.Bundles - 	Entry: C:\Users\HP\.p2\pool\plugins\org.eclipse.m2e.maven.runtime_3.9.500.20231113-2345\jars\maven-shared-utils-3.3.4.jar
2025-08-15 23:05:09,778 [Worker-48: Launching ProjectAgritourism] INFO  o.eclipse.m2e.core.internal.Bundles - 	Entry: C:\Users\HP\.p2\pool\plugins\org.eclipse.m2e.maven.runtime_3.9.500.20231113-2345\jars\org.eclipse.sisu.inject-0.3.5.jar
2025-08-15 23:05:09,778 [Worker-48: Launching ProjectAgritourism] INFO  o.eclipse.m2e.core.internal.Bundles - 	Entry: C:\Users\HP\.p2\pool\plugins\org.eclipse.m2e.maven.runtime_3.9.500.20231113-2345\jars\org.eclipse.sisu.plexus-0.3.5.jar
2025-08-15 23:05:09,778 [Worker-48: Launching ProjectAgritourism] INFO  o.eclipse.m2e.core.internal.Bundles - 	Entry: C:\Users\HP\.p2\pool\plugins\org.eclipse.m2e.maven.runtime_3.9.500.20231113-2345\jars\plexus-build-api-0.0.7.jar
2025-08-15 23:05:09,779 [Worker-48: Launching ProjectAgritourism] INFO  o.eclipse.m2e.core.internal.Bundles - 	Entry: C:\Users\HP\.p2\pool\plugins\org.eclipse.m2e.maven.runtime_3.9.500.20231113-2345\jars\plexus-cipher-2.0.jar
2025-08-15 23:05:09,779 [Worker-48: Launching ProjectAgritourism] INFO  o.eclipse.m2e.core.internal.Bundles - 	Entry: C:\Users\HP\.p2\pool\plugins\org.eclipse.m2e.maven.runtime_3.9.500.20231113-2345\jars\plexus-classworlds-2.7.0.jar
2025-08-15 23:05:09,779 [Worker-48: Launching ProjectAgritourism] INFO  o.eclipse.m2e.core.internal.Bundles - 	Entry: C:\Users\HP\.p2\pool\plugins\org.eclipse.m2e.maven.runtime_3.9.500.20231113-2345\jars\plexus-component-annotations-2.1.0.jar
2025-08-15 23:05:09,779 [Worker-48: Launching ProjectAgritourism] INFO  o.eclipse.m2e.core.internal.Bundles - 	Entry: C:\Users\HP\.p2\pool\plugins\org.eclipse.m2e.maven.runtime_3.9.500.20231113-2345\jars\plexus-interpolation-1.26.jar
2025-08-15 23:05:09,780 [Worker-48: Launching ProjectAgritourism] INFO  o.eclipse.m2e.core.internal.Bundles - 	Entry: C:\Users\HP\.p2\pool\plugins\org.eclipse.m2e.maven.runtime_3.9.500.20231113-2345\jars\plexus-sec-dispatcher-2.0.jar
2025-08-15 23:05:09,780 [Worker-48: Launching ProjectAgritourism] INFO  o.eclipse.m2e.core.internal.Bundles - 	Entry: C:\Users\HP\.p2\pool\plugins\org.eclipse.m2e.maven.runtime_3.9.500.20231113-2345\jars\plexus-utils-3.5.1.jar
2025-08-15 23:05:09,780 [Worker-48: Launching ProjectAgritourism] INFO  o.eclipse.m2e.core.internal.Bundles - 	Entry: C:\Users\HP\.p2\pool\plugins\org.eclipse.m2e.maven.runtime_3.9.500.20231113-2345\jars\wagon-file-3.5.3.jar
2025-08-15 23:05:09,780 [Worker-48: Launching ProjectAgritourism] INFO  o.eclipse.m2e.core.internal.Bundles - 	Entry: C:\Users\HP\.p2\pool\plugins\org.eclipse.m2e.maven.runtime_3.9.500.20231113-2345\jars\wagon-http-3.5.3.jar
2025-08-15 23:05:09,781 [Worker-48: Launching ProjectAgritourism] INFO  o.eclipse.m2e.core.internal.Bundles - 	Entry: C:\Users\HP\.p2\pool\plugins\org.eclipse.m2e.maven.runtime_3.9.500.20231113-2345\jars\wagon-http-shared-3.5.3.jar
2025-08-15 23:05:09,781 [Worker-48: Launching ProjectAgritourism] INFO  o.eclipse.m2e.core.internal.Bundles - 	Entry: C:\Users\HP\.p2\pool\plugins\org.eclipse.m2e.maven.runtime_3.9.500.20231113-2345\jars\wagon-provider-api-3.5.3.jar
2025-08-15 23:05:09,782 [Worker-48: Launching ProjectAgritourism] INFO  o.eclipse.m2e.core.internal.Bundles - getClasspathEntries(Bundle=com.google.guava_32.1.3.jre [12])
2025-08-15 23:05:09,784 [Worker-48: Launching ProjectAgritourism] INFO  o.eclipse.m2e.core.internal.Bundles - 	Entry: C:\Users\HP\.p2\pool\plugins\com.google.guava_32.1.3.jre.jar
2025-08-15 23:05:09,784 [Worker-48: Launching ProjectAgritourism] INFO  o.eclipse.m2e.core.internal.Bundles - getClasspathEntries(Bundle=slf4j.api_2.0.13 [987])
2025-08-15 23:05:09,784 [Worker-48: Launching ProjectAgritourism] INFO  o.eclipse.m2e.core.internal.Bundles - 	Entry: C:\Users\HP\.p2\pool\plugins\slf4j.api_2.0.13.jar
2025-08-15 23:05:09,785 [Worker-48: Launching ProjectAgritourism] INFO  o.eclipse.m2e.core.internal.Bundles - getClasspathEntries(Bundle=jakarta.inject.jakarta.inject-api_1.0.5 [29])
2025-08-15 23:05:09,785 [Worker-48: Launching ProjectAgritourism] INFO  o.eclipse.m2e.core.internal.Bundles - 	Entry: C:\Users\HP\.p2\pool\plugins\jakarta.inject.jakarta.inject-api_1.0.5.jar
2025-08-15 23:05:09,785 [Worker-48: Launching ProjectAgritourism] INFO  o.eclipse.m2e.core.internal.Bundles - getClasspathEntries(Bundle=jakarta.annotation-api_1.3.5 [24])
2025-08-15 23:05:09,785 [Worker-48: Launching ProjectAgritourism] INFO  o.eclipse.m2e.core.internal.Bundles - 	Entry: C:\Users\HP\.p2\pool\plugins\jakarta.annotation-api_1.3.5.jar
2025-08-15 23:05:09,785 [Worker-48: Launching ProjectAgritourism] INFO  o.eclipse.m2e.core.internal.Bundles - getClasspathEntries(Bundle=org.apache.commons.cli_1.6.0 [71])
2025-08-15 23:05:09,786 [Worker-48: Launching ProjectAgritourism] INFO  o.eclipse.m2e.core.internal.Bundles - 	Entry: C:\Users\HP\.p2\pool\plugins\org.apache.commons.cli_1.6.0.jar
2025-08-15 23:05:09,786 [Worker-48: Launching ProjectAgritourism] INFO  o.eclipse.m2e.core.internal.Bundles - getClasspathEntries(Bundle=org.apache.commons.commons-codec_1.16.0 [75])
2025-08-15 23:05:09,786 [Worker-48: Launching ProjectAgritourism] INFO  o.eclipse.m2e.core.internal.Bundles - 	Entry: C:\Users\HP\.p2\pool\plugins\org.apache.commons.commons-codec_1.16.0.jar
2025-08-15 23:05:09,786 [Worker-48: Launching ProjectAgritourism] INFO  o.eclipse.m2e.core.internal.Bundles - getClasspathEntries(Bundle=org.apache.commons.lang3_3.14.0 [993])
2025-08-15 23:05:09,787 [Worker-48: Launching ProjectAgritourism] INFO  o.eclipse.m2e.core.internal.Bundles - 	Entry: C:\Users\HP\.p2\pool\plugins\org.apache.commons.lang3_3.14.0.jar
2025-08-15 23:05:09,787 [Worker-48: Launching ProjectAgritourism] INFO  o.eclipse.m2e.core.internal.Bundles - getClasspathEntries(Bundle=com.google.guava.failureaccess_1.0.2 [13])
2025-08-15 23:05:09,787 [Worker-48: Launching ProjectAgritourism] INFO  o.eclipse.m2e.core.internal.Bundles - 	Entry: C:\Users\HP\.p2\pool\plugins\com.google.guava.failureaccess_1.0.2.jar
2025-08-15 23:05:09,790 [Worker-48: Launching ProjectAgritourism] INFO  o.e.m.i.launch.MavenLaunchDelegate - Run build in "C:\Users\HP\ProjectAgritourism\ProjectAgritourism":
2025-08-15 23:05:09,790 [Worker-48: Launching ProjectAgritourism] INFO  o.e.m.i.launch.MavenLaunchDelegate -  mvn  -B -Dmaven.test.skip=true -DskipTests -Dstyle.color=always clean install
2025-08-15 23:09:30,936 [Worker-55: Building] INFO  o.a.m.s.f.DefaultMavenResourcesFiltering - Copying 1 resource from src\main\resources to target\classes
2025-08-15 23:09:31,505 [Worker-55: Building] INFO  o.a.m.s.f.DefaultMavenResourcesFiltering - Copying 0 resource from src\main\resources to target\classes
2025-08-15 23:09:31,514 [Worker-55: Building] INFO  o.a.m.s.f.DefaultMavenResourcesFiltering - skip non existing resourceDirectory C:\Users\HP\ProjectAgritourism\ProjectAgritourism\src\test\resources
2025-08-15 23:11:08,984 [Worker-53: Building] INFO  o.a.m.s.f.DefaultMavenResourcesFiltering - Copying 1 resource from src\main\resources to target\classes
2025-08-15 23:11:09,044 [Worker-53: Building] INFO  o.a.m.s.f.DefaultMavenResourcesFiltering - Copying 0 resource from src\main\resources to target\classes
2025-08-15 23:11:09,061 [Worker-53: Building] INFO  o.a.m.s.f.DefaultMavenResourcesFiltering - skip non existing resourceDirectory C:\Users\HP\ProjectAgritourism\ProjectAgritourism\src\test\resources
2025-08-16 14:04:22,539 [Worker-5: Loading available Gradle versions] INFO  o.e.b.c.i.u.g.PublishedGradleVersions - Gradle version information cache is up-to-date. Trying to read.
2025-08-16 14:37:13,455 [Worker-23: Launching ProjectAgritourism - AgriventureAgrotourismManagement] INFO  o.a.m.s.f.DefaultMavenResourcesFiltering - Copying 1 resource from src\main\resources to target\classes
2025-08-16 14:37:13,639 [Worker-23: Launching ProjectAgritourism - AgriventureAgrotourismManagement] INFO  o.a.m.s.f.DefaultMavenResourcesFiltering - Copying 0 resource from src\main\resources to target\classes
2025-08-16 14:37:13,651 [Worker-23: Launching ProjectAgritourism - AgriventureAgrotourismManagement] INFO  o.a.m.s.f.DefaultMavenResourcesFiltering - skip non existing resourceDirectory C:\Users\HP\ProjectAgritourism\ProjectAgritourism\src\test\resources
